<?xml version="1.0" encoding="UTF-8"?>
<testng-results skipped="0" failed="1" ignored="0" total="9" passed="8">
  <reporter-output>
  </reporter-output>
  <suite name="Suite1" duration-ms="74607" started-at="2020-02-13T19:07:14Z" finished-at="2020-02-13T19:08:29Z">
    <groups>
      <group name="first Group">
        <method signature="GoogleTest.GoogleImage()[pri:2, instance:com.test.GoogleTest@2a2d45ba]" name="GoogleImage" class="com.test.GoogleTest"/>
        <method signature="GoogleTest.GoogleTitleTest()[pri:1, instance:com.test.GoogleTest@2a2d45ba]" name="GoogleTitleTest" class="com.test.GoogleTest"/>
        <method signature="GoogleTitle.GoogleImage()[pri:2, instance:com.test.GoogleTitle@2a5ca609]" name="GoogleImage" class="com.test.GoogleTitle"/>
        <method signature="GoogleTitle.GoogleTitleTest()[pri:1, instance:com.test.GoogleTitle@2a5ca609]" name="GoogleTitleTest" class="com.test.GoogleTitle"/>
      </group> <!-- first Group -->
      <group name="Second Group">
        <method signature="GoogleTest.Googleprint()[pri:3, instance:com.test.GoogleTest@2a2d45ba]" name="Googleprint" class="com.test.GoogleTest"/>
      </group> <!-- Second Group -->
    </groups>
    <test name="differnt testng class" duration-ms="74607" started-at="2020-02-13T19:07:14Z" finished-at="2020-02-13T19:08:29Z">
      <class name="com.test.GoogleTest">
        <test-method status="PASS" signature="SetUp()[pri:0, instance:com.test.GoogleTest@2a2d45ba]" name="SetUp" is-config="true" duration-ms="15071" started-at="2020-02-13T19:07:15Z" finished-at="2020-02-13T19:07:30Z">
          <reporter-output>
          </reporter-output>
        </test-method> <!-- SetUp -->
        <test-method status="PASS" signature="GoogleTitleTest()[pri:1, instance:com.test.GoogleTest@2a2d45ba]" name="GoogleTitleTest" duration-ms="21" started-at="2020-02-13T19:07:30Z" finished-at="2020-02-13T19:07:30Z">
          <reporter-output>
          </reporter-output>
        </test-method> <!-- GoogleTitleTest -->
        <test-method status="PASS" signature="Close()[pri:0, instance:com.test.GoogleTest@2a2d45ba]" name="Close" is-config="true" duration-ms="738" started-at="2020-02-13T19:07:30Z" finished-at="2020-02-13T19:07:30Z">
          <reporter-output>
          </reporter-output>
        </test-method> <!-- Close -->
        <test-method status="PASS" signature="SetUp()[pri:0, instance:com.test.GoogleTest@2a2d45ba]" name="SetUp" is-config="true" duration-ms="13664" started-at="2020-02-13T19:07:44Z" finished-at="2020-02-13T19:07:58Z">
          <reporter-output>
          </reporter-output>
        </test-method> <!-- SetUp -->
        <test-method status="PASS" signature="GoogleImage()[pri:2, instance:com.test.GoogleTest@2a2d45ba]" name="GoogleImage" duration-ms="46" started-at="2020-02-13T19:07:58Z" finished-at="2020-02-13T19:07:58Z">
          <reporter-output>
          </reporter-output>
        </test-method> <!-- GoogleImage -->
        <test-method status="PASS" signature="Close()[pri:0, instance:com.test.GoogleTest@2a2d45ba]" name="Close" is-config="true" duration-ms="746" started-at="2020-02-13T19:07:58Z" finished-at="2020-02-13T19:07:59Z">
          <reporter-output>
          </reporter-output>
        </test-method> <!-- Close -->
        <test-method status="PASS" signature="SetUp()[pri:0, instance:com.test.GoogleTest@2a2d45ba]" name="SetUp" is-config="true" duration-ms="15403" started-at="2020-02-13T19:08:13Z" finished-at="2020-02-13T19:08:28Z">
          <reporter-output>
          </reporter-output>
        </test-method> <!-- SetUp -->
        <test-method status="PASS" signature="Googleprint()[pri:3, instance:com.test.GoogleTest@2a2d45ba]" name="Googleprint" duration-ms="2" started-at="2020-02-13T19:08:28Z" finished-at="2020-02-13T19:08:28Z">
          <reporter-output>
          </reporter-output>
        </test-method> <!-- Googleprint -->
        <test-method status="PASS" signature="Close()[pri:0, instance:com.test.GoogleTest@2a2d45ba]" name="Close" is-config="true" duration-ms="827" started-at="2020-02-13T19:08:28Z" finished-at="2020-02-13T19:08:29Z">
          <reporter-output>
          </reporter-output>
        </test-method> <!-- Close -->
      </class> <!-- com.test.GoogleTest -->
      <class name="com.test.GoogleTitle">
        <test-method status="PASS" signature="SetUp()[pri:0, instance:com.test.GoogleTitle@2a5ca609]" name="SetUp" is-config="true" duration-ms="12505" started-at="2020-02-13T19:07:30Z" finished-at="2020-02-13T19:07:43Z">
          <reporter-output>
          </reporter-output>
        </test-method> <!-- SetUp -->
        <test-method status="FAIL" signature="GoogleTitleTest()[pri:1, instance:com.test.GoogleTitle@2a5ca609]" name="GoogleTitleTest" duration-ms="15" started-at="2020-02-13T19:07:43Z" finished-at="2020-02-13T19:07:43Z">
          <exception class="java.lang.AssertionError">
            <message>
              <![CDATA[Title is not matched expected [Google123] but found [Google]]]>
            </message>
            <full-stacktrace>
              <![CDATA[java.lang.AssertionError: Title is not matched expected [Google123] but found [Google]
at org.testng.Assert.fail(Assert.java:96)
at org.testng.Assert.failNotEquals(Assert.java:776)
at org.testng.Assert.assertEqualsImpl(Assert.java:137)
at org.testng.Assert.assertEquals(Assert.java:118)
at org.testng.Assert.assertEquals(Assert.java:453)
at com.test.GoogleTitle.GoogleTitleTest(GoogleTitle.java:30)
at sun.reflect.NativeMethodAccessorImpl.invoke0(Native Method)
at sun.reflect.NativeMethodAccessorImpl.invoke(Unknown Source)
at sun.reflect.DelegatingMethodAccessorImpl.invoke(Unknown Source)
at java.lang.reflect.Method.invoke(Unknown Source)
at org.testng.internal.MethodInvocationHelper.invokeMethod(MethodInvocationHelper.java:124)
at org.testng.internal.Invoker.invokeMethod(Invoker.java:583)
at org.testng.internal.Invoker.invokeTestMethod(Invoker.java:719)
at org.testng.internal.Invoker.invokeTestMethods(Invoker.java:989)
at org.testng.internal.TestMethodWorker.invokeTestMethods(TestMethodWorker.java:125)
at org.testng.internal.TestMethodWorker.run(TestMethodWorker.java:109)
at org.testng.TestRunner.privateRun(TestRunner.java:648)
at org.testng.TestRunner.run(TestRunner.java:505)
at org.testng.SuiteRunner.runTest(SuiteRunner.java:455)
at org.testng.SuiteRunner.runSequentially(SuiteRunner.java:450)
at org.testng.SuiteRunner.privateRun(SuiteRunner.java:415)
at org.testng.SuiteRunner.run(SuiteRunner.java:364)
at org.testng.SuiteRunnerWorker.runSuite(SuiteRunnerWorker.java:52)
at org.testng.SuiteRunnerWorker.run(SuiteRunnerWorker.java:84)
at org.testng.TestNG.runSuitesSequentially(TestNG.java:1208)
at org.testng.TestNG.runSuitesLocally(TestNG.java:1137)
at org.testng.TestNG.runSuites(TestNG.java:1049)
at org.testng.TestNG.run(TestNG.java:1017)
at org.testng.remote.AbstractRemoteTestNG.run(AbstractRemoteTestNG.java:114)
at org.testng.remote.RemoteTestNG.initAndRun(RemoteTestNG.java:251)
at org.testng.remote.RemoteTestNG.main(RemoteTestNG.java:77)
]]>
            </full-stacktrace>
          </exception> <!-- java.lang.AssertionError -->
          <reporter-output>
          </reporter-output>
        </test-method> <!-- GoogleTitleTest -->
        <test-method status="PASS" signature="Close()[pri:0, instance:com.test.GoogleTitle@2a5ca609]" name="Close" is-config="true" duration-ms="1279" started-at="2020-02-13T19:07:43Z" finished-at="2020-02-13T19:07:44Z">
          <reporter-output>
          </reporter-output>
        </test-method> <!-- Close -->
        <test-method status="PASS" signature="SetUp()[pri:0, instance:com.test.GoogleTitle@2a5ca609]" name="SetUp" is-config="true" duration-ms="13352" started-at="2020-02-13T19:07:59Z" finished-at="2020-02-13T19:08:12Z">
          <reporter-output>
          </reporter-output>
        </test-method> <!-- SetUp -->
        <test-method status="PASS" signature="GoogleImage()[pri:2, instance:com.test.GoogleTitle@2a5ca609]" name="GoogleImage" duration-ms="67" started-at="2020-02-13T19:08:12Z" finished-at="2020-02-13T19:08:12Z">
          <reporter-output>
          </reporter-output>
        </test-method> <!-- GoogleImage -->
        <test-method status="PASS" signature="Close()[pri:0, instance:com.test.GoogleTitle@2a5ca609]" name="Close" is-config="true" duration-ms="794" started-at="2020-02-13T19:08:12Z" finished-at="2020-02-13T19:08:13Z">
          <reporter-output>
          </reporter-output>
        </test-method> <!-- Close -->
      </class> <!-- com.test.GoogleTitle -->
      <class name="com.test.TestNGFeatures">
        <test-method status="PASS" signature="LoginTest()[pri:0, instance:com.test.TestNGFeatures@7c16905e]" name="LoginTest" duration-ms="13" started-at="2020-02-13T19:07:15Z" finished-at="2020-02-13T19:07:15Z">
          <reporter-output>
          </reporter-output>
        </test-method> <!-- LoginTest -->
        <test-method status="PASS" signature="Search()[pri:0, instance:com.test.TestNGFeatures@7c16905e]" name="Search" duration-ms="2" started-at="2020-02-13T19:07:15Z" finished-at="2020-02-13T19:07:15Z">
          <reporter-output>
          </reporter-output>
        </test-method> <!-- Search -->
        <test-method status="PASS" signature="Homepage()[pri:0, instance:com.test.TestNGFeatures@7c16905e]" name="Homepage" duration-ms="2" started-at="2020-02-13T19:07:15Z" depends-on-methods="com.test.TestNGFeatures.LoginTest" finished-at="2020-02-13T19:07:15Z">
          <reporter-output>
          </reporter-output>
        </test-method> <!-- Homepage -->
        <test-method status="PASS" signature="Homepage1()[pri:0, instance:com.test.TestNGFeatures@7c16905e]" name="Homepage1" duration-ms="4" started-at="2020-02-13T19:07:15Z" depends-on-methods="com.test.TestNGFeatures.LoginTest" finished-at="2020-02-13T19:07:15Z">
          <reporter-output>
          </reporter-output>
        </test-method> <!-- Homepage1 -->
      </class> <!-- com.test.TestNGFeatures -->
    </test> <!-- differnt testng class -->
  </suite> <!-- Suite1 -->
</testng-results>
